<?xml version='1.0' encoding='UTF-8'?>
<testsuite hostname="Emason" name="example.HelloSpec" tests="1" errors="0" failures="0" skipped="0" time="0.023" timestamp="2020-05-24T08:57:48">
                     <properties>
      <property name="java.vendor" value="Eclipse OpenJ9"/><property name="sun.java.launcher" value="SUN_STANDARD"/><property name="jnidispatch.path" value="C:\Users\Emason\AppData\Local\Temp\jna-2079079001\jna7709096707861373738.dll"/><property name="os.name" value="Windows 10"/><property name="sun.boot.class.path" value="C:\Program Files (x86)\AdoptOpenJDK\jdk-8.0.252.09-openj9\jre\bin\default\jclSC180\vm.jar;C:\Program Files (x86)\AdoptOpenJDK\jdk-8.0.252.09-openj9\jre\lib\se-service.jar;C:\Program Files (x86)\AdoptOpenJDK\jdk-8.0.252.09-openj9\jre\lib\rt.jar;C:\Program Files (x86)\AdoptOpenJDK\jdk-8.0.252.09-openj9\jre\lib\resources.jar;C:\Program Files (x86)\AdoptOpenJDK\jdk-8.0.252.09-openj9\jre\lib\jsse.jar;C:\Program Files (x86)\AdoptOpenJDK\jdk-8.0.252.09-openj9\jre\lib\charsets.jar;C:\Program Files (x86)\AdoptOpenJDK\jdk-8.0.252.09-openj9\jre\lib\jce.jar"/><property name="sun.desktop" value="windows"/><property name="java.vm.specification.vendor" value="Oracle Corporation"/><property name="java.runtime.version" value="1.8.0_252-b09"/><property name="jna.loaded" value="true"/><property name="user.name" value="Emason"/><property name="java.compiler" value="j9jit29"/><property name="os.encoding" value="UTF8"/><property name="com.ibm.util.extralibs.properties" value=""/><property name="com.ibm.jcl.checkClassPath" value=""/><property name="user.language" value="en"/><property name="com.ibm.oti.vm.bootstrap.library.path" value="C:\Program Files (x86)\AdoptOpenJDK\jdk-8.0.252.09-openj9\jre\bin\default;C:\Program Files (x86)\AdoptOpenJDK\jdk-8.0.252.09-openj9\jre\bin"/><property name="sun.boot.library.path" value="C:\Program Files (x86)\AdoptOpenJDK\jdk-8.0.252.09-openj9\jre\bin\default;C:\Program Files (x86)\AdoptOpenJDK\jdk-8.0.252.09-openj9\jre\bin"/><property name="jna.nosys" value="true"/><property name="jdk.extensions.version" value="8.0.252.1"/><property name="java.version" value="1.8.0_252"/><property name="user.timezone" value="Africa/Luanda"/><property name="com.ibm.system.agent.path" value="C:\Program Files (x86)\AdoptOpenJDK\jdk-8.0.252.09-openj9\jre\bin"/><property name="sun.arch.data.model" value="32"/><property name="jline.shutdownhook" value="false"/><property name="com.ibm.zero.version" value="2"/><property name="java.endorsed.dirs" value="C:\Program Files (x86)\AdoptOpenJDK\jdk-8.0.252.09-openj9\jre\lib\endorsed"/><property name="com.ibm.oti.vm.library.version" value="29"/><property name="sun.jnu.encoding" value="Cp1252"/><property name="file.encoding.pkg" value="sun.io"/><property name="file.separator" value="\"/><property name="java.specification.name" value="Java Platform API Specification"/><property name="java.class.version" value="52.0"/><property name="user.country" value="GB"/><property name="java.home" value="C:\Program Files (x86)\AdoptOpenJDK\jdk-8.0.252.09-openj9\jre"/><property name="java.vm.info" value="JRE 1.8.0 Windows 10 x86-32-Bit 20200422_529 (JIT enabled, AOT enabled)
OpenJ9   - 05fa2d361
OMR      - d4365f371
JCL      - 5e623848e9 based on jdk8u252-b09"/><property name="os.version" value="10.0"/><property name="java.awt.fonts" value=""/><property name="path.separator" value=";"/><property name="java.vm.version" value="openj9-0.20.0"/><property name="user.variant" value=""/><property name="java.awt.printerjob" value="sun.awt.windows.WPrinterJob"/><property name="jdk.extensions.name" value="Extensions for OpenJDK for Eclipse OpenJ9"/><property name="sun.io.unicode.encoding" value="UnicodeLittle"/><property name="awt.toolkit" value="sun.awt.windows.WToolkit"/><property name="ibm.signalhandling.sigint" value="true"/><property name="user.home" value="C:\Users\Emason"/><property name="com.ibm.cpu.endian" value="little"/><property name="java.specification.vendor" value="Oracle Corporation"/><property name="ibm.signalhandling.sigchain" value="true"/><property name="swoval.tmpdir" value="C:\Users\Emason\.sbt\1.0"/><property name="java.library.path" value="C:\Program Files (x86)\AdoptOpenJDK\jdk-8.0.252.09-openj9\jre\bin\default;C:\Program Files (x86)\AdoptOpenJDK\jdk-8.0.252.09-openj9\jre\bin;C:\WINDOWS\SysWOW64;C:\WINDOWS;C:\Program Files\Git\mingw64\bin;C:\Program Files\Git\usr\bin;C:\Users\Emason\bin;C:\Program Files (x86)\AdoptOpenJDK\jdk-8.0.252.09-openj9\bin;C:\Program Files\Java\jdk1.8.0_181\bin;C:\Program Files (x86)\Common Files\Oracle\Java\javapath;C:\Program Files (x86)\Intel\iCLS Client;C:\ProgramData\Oracle\Java\javapath;C:\Program Files\Intel\iCLS Client;C:\WINDOWS\system32;C:\WINDOWS;C:\WINDOWS\System32\Wbem;C:\WINDOWS\System32\WindowsPowerShell\v1.0;C:\Program Files\nodejs;C:\Program Files (x86)\Intel\Intel(R) Management Engine Components\DAL;C:\Program Files\Intel\Intel(R) Management Engine Components\DAL;C:\Program Files (x86)\Intel\Intel(R) Management Engine Components\IPT;C:\Program Files\Intel\Intel(R) Management Engine Components\IPT;C:\WINDOWS\System32\OpenSSH;C:\Program Files\Intel\WiFi\bin;C:\Program Files\Common Files\Intel\WirelessCommon;C:\Program Files\Git\cmd;C:\Program Files (x86)\HP\IdrsOCR_12.3.7.0;C:\Program Files\dotnet;C:\wamp64\bin\php\php7.0.23;C:\composer;C:\Program Files (x86)\Brackets\command;C:\Program Files (x86)\sbt\bin;C:\Users\Emason\AppData\Local\Programs\Python\Python37\Scripts;C:\Users\Emason\AppData\Local\Programs\Python\Python37;C:\Users\Emason\AppData\Local\Microsoft\WindowsApps;C:\Program Files\Microsoft VS Code\bin;C:\Users\Emason\AppData\Local\atom\bin;C:\Users\Emason\AppData\Roaming\npm;C:\Users\Emason\AppData\Local\Microsoft\WindowsApps;C:\Users\Emason\AppData\Roaming\Composer\vendor\bin;C:\Users\Emason\AppData\Local\Programs\Microsoft VS Code\bin;C:\Users\Emason\AppData\Local\GitHubDesktop\bin;."/><property name="java.vendor.url" value="http://www.eclipse.org/openj9"/><property name="jline.esc.timeout" value="0"/><property name="java.vm.vendor" value="Eclipse OpenJ9"/><property name="java.fullversion" value="1.8.0_252-b09
JRE 1.8.0 Windows 10 x86-32-Bit 20200422_529 (JIT enabled, AOT enabled)
OpenJ9   - 05fa2d361
OMR      - d4365f371
JCL      - 5e623848e9 based on jdk8u252-b09"/><property name="java.runtime.name" value="OpenJDK Runtime Environment"/><property name="sun.java.command" value="C:\Program Files (x86)\sbt\bin\sbt-launch.jar test"/><property name="java.class.path" value="C:\Program Files (x86)\sbt\bin\sbt-launch.jar"/><property name="sbt.cygwin" value="true"/><property name="java.vm.specification.name" value="Java Virtual Machine Specification"/><property name="jline.terminal" value="unix"/><property name="java.vm.specification.version" value="1.8"/><property name="sun.cpu.endian" value="little"/><property name="java.io.tmpdir" value="C:\Users\Emason\AppData\Local\Temp\"/><property name="ibm.system.encoding" value="Cp1252"/><property name="os.arch" value="x86"/><property name="java.awt.graphicsenv" value="sun.awt.Win32GraphicsEnvironment"/><property name="ibm.signalhandling.rs" value="false"/><property name="java.ext.dirs" value="C:\Program Files (x86)\AdoptOpenJDK\jdk-8.0.252.09-openj9\jre\lib\ext"/><property name="user.dir" value="C:\Users\Emason\primitivetypes"/><property name="line.separator" value="
"/><property name="java.vm.name" value="Eclipse OpenJ9 VM"/><property name="com.ibm.oti.shared.enabled" value="false"/><property name="com.ibm.vm.bitmode" value="32"/><property name="log4j.ignoreTCL" value="true"/><property name="file.encoding" value="UTF-8"/><property name="java.specification.version" value="1.8"/><property name="com.ibm.oti.configuration" value="scar"/>
    </properties>
                     <testcase classname="example.HelloSpec" name="The Hello object should say hello" time="0.023">
                                                 
                                               </testcase>
                     <system-out><![CDATA[]]></system-out>
                     <system-err><![CDATA[]]></system-err>
                   </testsuite>